<testsuites id="" name="" tests="24" failures="24" skipped="0" errors="0" time="2.6120409999999996">
<testsuite name="ui/themeAndResponsive.spec.ts" timestamp="2025-11-09T08:00:44.660Z" hostname="chromium" tests="18" failures="18" skipped="0" time="0.043" errors="0">
<testcase name="Home layout on iPhone SE" classname="ui/themeAndResponsive.spec.ts" time="0.001">
<failure message="themeAndResponsive.spec.ts:26:9 Home layout on iPhone SE" type="FAILURE">
<![CDATA[  [chromium] › ui/themeAndResponsive.spec.ts:26:9 › Home layout on iPhone SE ───────────────────────

    Error: browserType.launch: Executable doesn't exist at /Users/abhijita/Library/Caches/ms-playwright/chromium_headless_shell-1194/chrome-mac/headless_shell
    ╔═════════════════════════════════════════════════════════════════════════╗
    ║ Looks like Playwright Test or Playwright was just installed or updated. ║
    ║ Please run the following command to download new browsers:              ║
    ║                                                                         ║
    ║     npx playwright install                                              ║
    ║                                                                         ║
    ║ <3 Playwright Team                                                      ║
    ╚═════════════════════════════════════════════════════════════════════════╝
]]>
</failure>
</testcase>
<testcase name="Home layout on iPad Air" classname="ui/themeAndResponsive.spec.ts" time="0.001">
<failure message="themeAndResponsive.spec.ts:26:9 Home layout on iPad Air" type="FAILURE">
<![CDATA[  [chromium] › ui/themeAndResponsive.spec.ts:26:9 › Home layout on iPad Air ────────────────────────

    Error: browserType.launch: Executable doesn't exist at /Users/abhijita/Library/Caches/ms-playwright/chromium_headless_shell-1194/chrome-mac/headless_shell
    ╔═════════════════════════════════════════════════════════════════════════╗
    ║ Looks like Playwright Test or Playwright was just installed or updated. ║
    ║ Please run the following command to download new browsers:              ║
    ║                                                                         ║
    ║     npx playwright install                                              ║
    ║                                                                         ║
    ║ <3 Playwright Team                                                      ║
    ╚═════════════════════════════════════════════════════════════════════════╝
]]>
</failure>
</testcase>
<testcase name="Home layout on MacBook Pro" classname="ui/themeAndResponsive.spec.ts" time="0.002">
<failure message="themeAndResponsive.spec.ts:26:9 Home layout on MacBook Pro" type="FAILURE">
<![CDATA[  [chromium] › ui/themeAndResponsive.spec.ts:26:9 › Home layout on MacBook Pro ─────────────────────

    Error: browserType.launch: Executable doesn't exist at /Users/abhijita/Library/Caches/ms-playwright/chromium_headless_shell-1194/chrome-mac/headless_shell
    ╔═════════════════════════════════════════════════════════════════════════╗
    ║ Looks like Playwright Test or Playwright was just installed or updated. ║
    ║ Please run the following command to download new browsers:              ║
    ║                                                                         ║
    ║     npx playwright install                                              ║
    ║                                                                         ║
    ║ <3 Playwright Team                                                      ║
    ╚═════════════════════════════════════════════════════════════════════════╝
]]>
</failure>
</testcase>
<testcase name="Home layout on Ultra-Wide" classname="ui/themeAndResponsive.spec.ts" time="0.002">
<failure message="themeAndResponsive.spec.ts:26:9 Home layout on Ultra-Wide" type="FAILURE">
<![CDATA[  [chromium] › ui/themeAndResponsive.spec.ts:26:9 › Home layout on Ultra-Wide ──────────────────────

    Error: browserType.launch: Executable doesn't exist at /Users/abhijita/Library/Caches/ms-playwright/chromium_headless_shell-1194/chrome-mac/headless_shell
    ╔═════════════════════════════════════════════════════════════════════════╗
    ║ Looks like Playwright Test or Playwright was just installed or updated. ║
    ║ Please run the following command to download new browsers:              ║
    ║                                                                         ║
    ║     npx playwright install                                              ║
    ║                                                                         ║
    ║ <3 Playwright Team                                                      ║
    ╚═════════════════════════════════════════════════════════════════════════╝
]]>
</failure>
</testcase>
<testcase name="Review layout on iPhone SE" classname="ui/themeAndResponsive.spec.ts" time="0.002">
<failure message="themeAndResponsive.spec.ts:26:9 Review layout on iPhone SE" type="FAILURE">
<![CDATA[  [chromium] › ui/themeAndResponsive.spec.ts:26:9 › Review layout on iPhone SE ─────────────────────

    Error: browserType.launch: Executable doesn't exist at /Users/abhijita/Library/Caches/ms-playwright/chromium_headless_shell-1194/chrome-mac/headless_shell
    ╔═════════════════════════════════════════════════════════════════════════╗
    ║ Looks like Playwright Test or Playwright was just installed or updated. ║
    ║ Please run the following command to download new browsers:              ║
    ║                                                                         ║
    ║     npx playwright install                                              ║
    ║                                                                         ║
    ║ <3 Playwright Team                                                      ║
    ╚═════════════════════════════════════════════════════════════════════════╝
]]>
</failure>
</testcase>
<testcase name="Review layout on iPad Air" classname="ui/themeAndResponsive.spec.ts" time="0.002">
<failure message="themeAndResponsive.spec.ts:26:9 Review layout on iPad Air" type="FAILURE">
<![CDATA[  [chromium] › ui/themeAndResponsive.spec.ts:26:9 › Review layout on iPad Air ──────────────────────

    Error: browserType.launch: Executable doesn't exist at /Users/abhijita/Library/Caches/ms-playwright/chromium_headless_shell-1194/chrome-mac/headless_shell
    ╔═════════════════════════════════════════════════════════════════════════╗
    ║ Looks like Playwright Test or Playwright was just installed or updated. ║
    ║ Please run the following command to download new browsers:              ║
    ║                                                                         ║
    ║     npx playwright install                                              ║
    ║                                                                         ║
    ║ <3 Playwright Team                                                      ║
    ╚═════════════════════════════════════════════════════════════════════════╝
]]>
</failure>
</testcase>
<testcase name="Review layout on MacBook Pro" classname="ui/themeAndResponsive.spec.ts" time="0.002">
<failure message="themeAndResponsive.spec.ts:26:9 Review layout on MacBook Pro" type="FAILURE">
<![CDATA[  [chromium] › ui/themeAndResponsive.spec.ts:26:9 › Review layout on MacBook Pro ───────────────────

    Error: browserType.launch: Executable doesn't exist at /Users/abhijita/Library/Caches/ms-playwright/chromium_headless_shell-1194/chrome-mac/headless_shell
    ╔═════════════════════════════════════════════════════════════════════════╗
    ║ Looks like Playwright Test or Playwright was just installed or updated. ║
    ║ Please run the following command to download new browsers:              ║
    ║                                                                         ║
    ║     npx playwright install                                              ║
    ║                                                                         ║
    ║ <3 Playwright Team                                                      ║
    ╚═════════════════════════════════════════════════════════════════════════╝
]]>
</failure>
</testcase>
<testcase name="Review layout on Ultra-Wide" classname="ui/themeAndResponsive.spec.ts" time="0.001">
<failure message="themeAndResponsive.spec.ts:26:9 Review layout on Ultra-Wide" type="FAILURE">
<![CDATA[  [chromium] › ui/themeAndResponsive.spec.ts:26:9 › Review layout on Ultra-Wide ────────────────────

    Error: browserType.launch: Executable doesn't exist at /Users/abhijita/Library/Caches/ms-playwright/chromium_headless_shell-1194/chrome-mac/headless_shell
    ╔═════════════════════════════════════════════════════════════════════════╗
    ║ Looks like Playwright Test or Playwright was just installed or updated. ║
    ║ Please run the following command to download new browsers:              ║
    ║                                                                         ║
    ║     npx playwright install                                              ║
    ║                                                                         ║
    ║ <3 Playwright Team                                                      ║
    ╚═════════════════════════════════════════════════════════════════════════╝
]]>
</failure>
</testcase>
<testcase name="CommandView layout on iPhone SE" classname="ui/themeAndResponsive.spec.ts" time="0.002">
<failure message="themeAndResponsive.spec.ts:26:9 CommandView layout on iPhone SE" type="FAILURE">
<![CDATA[  [chromium] › ui/themeAndResponsive.spec.ts:26:9 › CommandView layout on iPhone SE ────────────────

    Error: browserType.launch: Executable doesn't exist at /Users/abhijita/Library/Caches/ms-playwright/chromium_headless_shell-1194/chrome-mac/headless_shell
    ╔═════════════════════════════════════════════════════════════════════════╗
    ║ Looks like Playwright Test or Playwright was just installed or updated. ║
    ║ Please run the following command to download new browsers:              ║
    ║                                                                         ║
    ║     npx playwright install                                              ║
    ║                                                                         ║
    ║ <3 Playwright Team                                                      ║
    ╚═════════════════════════════════════════════════════════════════════════╝
]]>
</failure>
</testcase>
<testcase name="CommandView layout on iPad Air" classname="ui/themeAndResponsive.spec.ts" time="0.002">
<failure message="themeAndResponsive.spec.ts:26:9 CommandView layout on iPad Air" type="FAILURE">
<![CDATA[  [chromium] › ui/themeAndResponsive.spec.ts:26:9 › CommandView layout on iPad Air ─────────────────

    Error: browserType.launch: Executable doesn't exist at /Users/abhijita/Library/Caches/ms-playwright/chromium_headless_shell-1194/chrome-mac/headless_shell
    ╔═════════════════════════════════════════════════════════════════════════╗
    ║ Looks like Playwright Test or Playwright was just installed or updated. ║
    ║ Please run the following command to download new browsers:              ║
    ║                                                                         ║
    ║     npx playwright install                                              ║
    ║                                                                         ║
    ║ <3 Playwright Team                                                      ║
    ╚═════════════════════════════════════════════════════════════════════════╝
]]>
</failure>
</testcase>
<testcase name="CommandView layout on MacBook Pro" classname="ui/themeAndResponsive.spec.ts" time="0.009">
<failure message="themeAndResponsive.spec.ts:26:9 CommandView layout on MacBook Pro" type="FAILURE">
<![CDATA[  [chromium] › ui/themeAndResponsive.spec.ts:26:9 › CommandView layout on MacBook Pro ──────────────

    Error: browserType.launch: Executable doesn't exist at /Users/abhijita/Library/Caches/ms-playwright/chromium_headless_shell-1194/chrome-mac/headless_shell
    ╔═════════════════════════════════════════════════════════════════════════╗
    ║ Looks like Playwright Test or Playwright was just installed or updated. ║
    ║ Please run the following command to download new browsers:              ║
    ║                                                                         ║
    ║     npx playwright install                                              ║
    ║                                                                         ║
    ║ <3 Playwright Team                                                      ║
    ╚═════════════════════════════════════════════════════════════════════════╝
]]>
</failure>
</testcase>
<testcase name="CommandView layout on Ultra-Wide" classname="ui/themeAndResponsive.spec.ts" time="0.002">
<failure message="themeAndResponsive.spec.ts:26:9 CommandView layout on Ultra-Wide" type="FAILURE">
<![CDATA[  [chromium] › ui/themeAndResponsive.spec.ts:26:9 › CommandView layout on Ultra-Wide ───────────────

    Error: browserType.launch: Executable doesn't exist at /Users/abhijita/Library/Caches/ms-playwright/chromium_headless_shell-1194/chrome-mac/headless_shell
    ╔═════════════════════════════════════════════════════════════════════════╗
    ║ Looks like Playwright Test or Playwright was just installed or updated. ║
    ║ Please run the following command to download new browsers:              ║
    ║                                                                         ║
    ║     npx playwright install                                              ║
    ║                                                                         ║
    ║ <3 Playwright Team                                                      ║
    ╚═════════════════════════════════════════════════════════════════════════╝
]]>
</failure>
</testcase>
<testcase name="Analytics layout on iPhone SE" classname="ui/themeAndResponsive.spec.ts" time="0.003">
<failure message="themeAndResponsive.spec.ts:26:9 Analytics layout on iPhone SE" type="FAILURE">
<![CDATA[  [chromium] › ui/themeAndResponsive.spec.ts:26:9 › Analytics layout on iPhone SE ──────────────────

    Error: browserType.launch: Executable doesn't exist at /Users/abhijita/Library/Caches/ms-playwright/chromium_headless_shell-1194/chrome-mac/headless_shell
    ╔═════════════════════════════════════════════════════════════════════════╗
    ║ Looks like Playwright Test or Playwright was just installed or updated. ║
    ║ Please run the following command to download new browsers:              ║
    ║                                                                         ║
    ║     npx playwright install                                              ║
    ║                                                                         ║
    ║ <3 Playwright Team                                                      ║
    ╚═════════════════════════════════════════════════════════════════════════╝
]]>
</failure>
</testcase>
<testcase name="Analytics layout on iPad Air" classname="ui/themeAndResponsive.spec.ts" time="0.002">
<failure message="themeAndResponsive.spec.ts:26:9 Analytics layout on iPad Air" type="FAILURE">
<![CDATA[  [chromium] › ui/themeAndResponsive.spec.ts:26:9 › Analytics layout on iPad Air ───────────────────

    Error: browserType.launch: Executable doesn't exist at /Users/abhijita/Library/Caches/ms-playwright/chromium_headless_shell-1194/chrome-mac/headless_shell
    ╔═════════════════════════════════════════════════════════════════════════╗
    ║ Looks like Playwright Test or Playwright was just installed or updated. ║
    ║ Please run the following command to download new browsers:              ║
    ║                                                                         ║
    ║     npx playwright install                                              ║
    ║                                                                         ║
    ║ <3 Playwright Team                                                      ║
    ╚═════════════════════════════════════════════════════════════════════════╝
]]>
</failure>
</testcase>
<testcase name="Analytics layout on MacBook Pro" classname="ui/themeAndResponsive.spec.ts" time="0.003">
<failure message="themeAndResponsive.spec.ts:26:9 Analytics layout on MacBook Pro" type="FAILURE">
<![CDATA[  [chromium] › ui/themeAndResponsive.spec.ts:26:9 › Analytics layout on MacBook Pro ────────────────

    Error: browserType.launch: Executable doesn't exist at /Users/abhijita/Library/Caches/ms-playwright/chromium_headless_shell-1194/chrome-mac/headless_shell
    ╔═════════════════════════════════════════════════════════════════════════╗
    ║ Looks like Playwright Test or Playwright was just installed or updated. ║
    ║ Please run the following command to download new browsers:              ║
    ║                                                                         ║
    ║     npx playwright install                                              ║
    ║                                                                         ║
    ║ <3 Playwright Team                                                      ║
    ╚═════════════════════════════════════════════════════════════════════════╝
]]>
</failure>
</testcase>
<testcase name="Analytics layout on Ultra-Wide" classname="ui/themeAndResponsive.spec.ts" time="0.003">
<failure message="themeAndResponsive.spec.ts:26:9 Analytics layout on Ultra-Wide" type="FAILURE">
<![CDATA[  [chromium] › ui/themeAndResponsive.spec.ts:26:9 › Analytics layout on Ultra-Wide ─────────────────

    Error: browserType.launch: Executable doesn't exist at /Users/abhijita/Library/Caches/ms-playwright/chromium_headless_shell-1194/chrome-mac/headless_shell
    ╔═════════════════════════════════════════════════════════════════════════╗
    ║ Looks like Playwright Test or Playwright was just installed or updated. ║
    ║ Please run the following command to download new browsers:              ║
    ║                                                                         ║
    ║     npx playwright install                                              ║
    ║                                                                         ║
    ║ <3 Playwright Team                                                      ║
    ╚═════════════════════════════════════════════════════════════════════════╝
]]>
</failure>
</testcase>
<testcase name="Typography scale ratio consistency across breakpoints" classname="ui/themeAndResponsive.spec.ts" time="0.003">
<failure message="themeAndResponsive.spec.ts:59:5 Typography scale ratio consistency across breakpoints" type="FAILURE">
<![CDATA[  [chromium] › ui/themeAndResponsive.spec.ts:59:5 › Typography scale ratio consistency across breakpoints 

    Error: browserType.launch: Executable doesn't exist at /Users/abhijita/Library/Caches/ms-playwright/chromium_headless_shell-1194/chrome-mac/headless_shell
    ╔═════════════════════════════════════════════════════════════════════════╗
    ║ Looks like Playwright Test or Playwright was just installed or updated. ║
    ║ Please run the following command to download new browsers:              ║
    ║                                                                         ║
    ║     npx playwright install                                              ║
    ║                                                                         ║
    ║ <3 Playwright Team                                                      ║
    ╚═════════════════════════════════════════════════════════════════════════╝
]]>
</failure>
</testcase>
<testcase name="Layout deviation ≤ 5% across breakpoints" classname="ui/themeAndResponsive.spec.ts" time="0.001">
<failure message="themeAndResponsive.spec.ts:94:5 Layout deviation ≤ 5% across breakpoints" type="FAILURE">
<![CDATA[  [chromium] › ui/themeAndResponsive.spec.ts:94:5 › Layout deviation ≤ 5% across breakpoints ───────

    Error: browserType.launch: Executable doesn't exist at /Users/abhijita/Library/Caches/ms-playwright/chromium_headless_shell-1194/chrome-mac/headless_shell
    ╔═════════════════════════════════════════════════════════════════════════╗
    ║ Looks like Playwright Test or Playwright was just installed or updated. ║
    ║ Please run the following command to download new browsers:              ║
    ║                                                                         ║
    ║     npx playwright install                                              ║
    ║                                                                         ║
    ║ <3 Playwright Team                                                      ║
    ╚═════════════════════════════════════════════════════════════════════════╝
]]>
</failure>
</testcase>
</testsuite>
<testsuite name="ui/themeConsistency.spec.ts" timestamp="2025-11-09T08:00:44.660Z" hostname="chromium" tests="6" failures="6" skipped="0" time="0.009" errors="0">
<testcase name="UI theme consistency for Home (/home)" classname="ui/themeConsistency.spec.ts" time="0.002">
<failure message="themeConsistency.spec.ts:21:7 UI theme consistency for Home (/home)" type="FAILURE">
<![CDATA[  [chromium] › ui/themeConsistency.spec.ts:21:7 › UI theme consistency for Home (/home) ────────────

    Error: browserType.launch: Executable doesn't exist at /Users/abhijita/Library/Caches/ms-playwright/chromium_headless_shell-1194/chrome-mac/headless_shell
    ╔═════════════════════════════════════════════════════════════════════════╗
    ║ Looks like Playwright Test or Playwright was just installed or updated. ║
    ║ Please run the following command to download new browsers:              ║
    ║                                                                         ║
    ║     npx playwright install                                              ║
    ║                                                                         ║
    ║ <3 Playwright Team                                                      ║
    ╚═════════════════════════════════════════════════════════════════════════╝
]]>
</failure>
</testcase>
<testcase name="UI theme consistency for Review (/review)" classname="ui/themeConsistency.spec.ts" time="0.002">
<failure message="themeConsistency.spec.ts:21:7 UI theme consistency for Review (/review)" type="FAILURE">
<![CDATA[  [chromium] › ui/themeConsistency.spec.ts:21:7 › UI theme consistency for Review (/review) ────────

    Error: browserType.launch: Executable doesn't exist at /Users/abhijita/Library/Caches/ms-playwright/chromium_headless_shell-1194/chrome-mac/headless_shell
    ╔═════════════════════════════════════════════════════════════════════════╗
    ║ Looks like Playwright Test or Playwright was just installed or updated. ║
    ║ Please run the following command to download new browsers:              ║
    ║                                                                         ║
    ║     npx playwright install                                              ║
    ║                                                                         ║
    ║ <3 Playwright Team                                                      ║
    ╚═════════════════════════════════════════════════════════════════════════╝
]]>
</failure>
</testcase>
<testcase name="UI theme consistency for CommandView (/commandview)" classname="ui/themeConsistency.spec.ts" time="0.002">
<failure message="themeConsistency.spec.ts:21:7 UI theme consistency for CommandView (/commandview)" type="FAILURE">
<![CDATA[  [chromium] › ui/themeConsistency.spec.ts:21:7 › UI theme consistency for CommandView (/commandview) 

    Error: browserType.launch: Executable doesn't exist at /Users/abhijita/Library/Caches/ms-playwright/chromium_headless_shell-1194/chrome-mac/headless_shell
    ╔═════════════════════════════════════════════════════════════════════════╗
    ║ Looks like Playwright Test or Playwright was just installed or updated. ║
    ║ Please run the following command to download new browsers:              ║
    ║                                                                         ║
    ║     npx playwright install                                              ║
    ║                                                                         ║
    ║ <3 Playwright Team                                                      ║
    ╚═════════════════════════════════════════════════════════════════════════╝
]]>
</failure>
</testcase>
<testcase name="UI theme consistency for Analytics (/analytics)" classname="ui/themeConsistency.spec.ts" time="0.001">
<failure message="themeConsistency.spec.ts:21:7 UI theme consistency for Analytics (/analytics)" type="FAILURE">
<![CDATA[  [chromium] › ui/themeConsistency.spec.ts:21:7 › UI theme consistency for Analytics (/analytics) ──

    Error: browserType.launch: Executable doesn't exist at /Users/abhijita/Library/Caches/ms-playwright/chromium_headless_shell-1194/chrome-mac/headless_shell
    ╔═════════════════════════════════════════════════════════════════════════╗
    ║ Looks like Playwright Test or Playwright was just installed or updated. ║
    ║ Please run the following command to download new browsers:              ║
    ║                                                                         ║
    ║     npx playwright install                                              ║
    ║                                                                         ║
    ║ <3 Playwright Team                                                      ║
    ╚═════════════════════════════════════════════════════════════════════════╝
]]>
</failure>
</testcase>
<testcase name="Background gradient consistency across all tabs" classname="ui/themeConsistency.spec.ts" time="0.001">
<failure message="themeConsistency.spec.ts:46:5 Background gradient consistency across all tabs" type="FAILURE">
<![CDATA[  [chromium] › ui/themeConsistency.spec.ts:46:5 › Background gradient consistency across all tabs ──

    Error: browserType.launch: Executable doesn't exist at /Users/abhijita/Library/Caches/ms-playwright/chromium_headless_shell-1194/chrome-mac/headless_shell
    ╔═════════════════════════════════════════════════════════════════════════╗
    ║ Looks like Playwright Test or Playwright was just installed or updated. ║
    ║ Please run the following command to download new browsers:              ║
    ║                                                                         ║
    ║     npx playwright install                                              ║
    ║                                                                         ║
    ║ <3 Playwright Team                                                      ║
    ╚═════════════════════════════════════════════════════════════════════════╝
]]>
</failure>
</testcase>
<testcase name="Glassmorphic card styling consistency" classname="ui/themeConsistency.spec.ts" time="0.001">
<failure message="themeConsistency.spec.ts:77:5 Glassmorphic card styling consistency" type="FAILURE">
<![CDATA[  [chromium] › ui/themeConsistency.spec.ts:77:5 › Glassmorphic card styling consistency ────────────

    Error: browserType.launch: Executable doesn't exist at /Users/abhijita/Library/Caches/ms-playwright/chromium_headless_shell-1194/chrome-mac/headless_shell
    ╔═════════════════════════════════════════════════════════════════════════╗
    ║ Looks like Playwright Test or Playwright was just installed or updated. ║
    ║ Please run the following command to download new browsers:              ║
    ║                                                                         ║
    ║     npx playwright install                                              ║
    ║                                                                         ║
    ║ <3 Playwright Team                                                      ║
    ╚═════════════════════════════════════════════════════════════════════════╝
]]>
</failure>
</testcase>
</testsuite>
</testsuites>